Silverfrost FTN95/x64 Ver 8.50.0  dateFunctions.for  Sun Oct 27 15:06:01 2019

Compiler used    [C:\Program Files (x86)\Silverfrost\FTN95\FTN95.EXE]
Salflibc path    [C:\Program Files (x86)\Silverfrost\FTN95\salflibc.dll]
Salflibc version [21.4.29.16]
Compiler options in effect:
    64;BINARY;CFPP;ERROR_NUMBERS;FIXED_FORMAT;FPP;IGNORE;LIST;
    LIST_INSERT_FILES;NO_BANNER;TABS;UNLIMITED_ERRORS;VS7;XREF;

   0001   c these functions come from the numerical recipes book. I modified the julian day base to be AT 0
   0002   c 0 for 3/1/1900 to be compatible with Microsoft Excel's method of calculating Julian dates AT 86
   0003   C for astronomy (not the julian calendar)                                              AT 86
   0004   C Caldat returns a calendar date given a julian day                                    AT 86
   0005   C Julian is a function that returns a julian day given a calendar day                  AT 86
   0006                                                                                          AT 86
   0007                                                                                          AT 86
   0008         SUBROUTINE caldat(julian,mm,id,iyyy)                                             AT 86
   0009   c passes julian and returns mm, dd, yyyy                                               AT 86
   0010         INTEGER id,iyyy,julian,mm,IGREG                                                  AT 86
   0011         PARAMETER (IGREG=2299161)                                                        AT 86
   0012   c(IGREG=2299161)                                                                       AT 86
   0013         INTEGER ja,jalpha,jb,jc,jd,je                                                    AT 86
   0014   c      Julian=julian+2415079   cprovide a reference of 3/1/1900                        AT 86
   0015         Julian=julian+2415019   ! now 12/30/1899                                         AT 86
   0016         if(julian.ge.IGREG)then                                                          AT 99
   0017           jalpha=int(((julian-1867216)-0.25d0)/36524.25d0)                               AT aa
   0018           ja=julian+1+jalpha-int(0.25d0*jalpha)                                          AT e5
   0019         else if(julian.lt.0)then                                                         AT 116
   0020           ja=julian+36525*(1-julian/36525)                                               AT 12f
   0021         else                                                                             AT 166
   0022           ja=julian                                                                      AT 166
   0023         endif                                                                            AT 17a
   0024         jb=ja+1524                                                                       AT 17a
   0025         jc=int(6680.0d0+((jb-2439870)-122.1d0)/365.25d0)                                 AT 18b
   0026         jd=365*jc+int(0.25d0*jc)                                                         AT 1bf
   0027         je=int((jb-jd)/30.6001d0)                                                        AT 1eb
   0028         id=jb-jd-int(30.6001d0*je)                                                       AT 20f
   0029         mm=je-1                                                                          AT 240
   0030         if(mm.gt.12)mm=mm-12                                                             AT 252
   0031         iyyy=jc-4715                                                                     AT 274
   0032         if(mm.gt.2)iyyy=iyyy-1                                                           AT 290
   0033         if(iyyy.le.0)iyyy=iyyy-1                                                         AT 2b9
   0034         if(julian.lt.0)iyyy=iyyy-100*(1-julian/36525)                                    AT 2e2
   0035         return                                                                           AT 333
   0036         END                                                                              AT 338
   0037                                                                                          AT 62
   0038         FUNCTION julday(Date)                                                            AT 0
   0039         INTEGER julday,id,iyyy,mm,IGREG                                                  AT 62
   0040         PARAMETER (IGREG=15+31*(10+12*1582))                                             AT 62
   0041         INTEGER ja,jm,jy                                                                 AT 62
   0042         Character*10 date                                                                AT 62
   0043                                                                                          AT 62
   0044         Call FromCalendar(date,mm,id,iyyy)                                               AT 62
   0045                                                                                          AT 8a
   0046                                                                                          AT 8a
   0047         jy=iyyy                                                                          AT 8a
   0048         if (jy.eq.0) pause 'julday: there is no year zero'                               AT 92
   0049         if (jy.lt.0) jy=jy+1                                                             AT b1
   0050         if (mm.gt.2) then                                                                AT c3
   0051           jm=mm+1                                                                        AT d1
   0052         else                                                                             AT e0
   0053           jy=jy-1                                                                        AT e0
   0054           jm=mm+13                                                                       AT e4
   0055         endif                                                                            AT ef
   0056         julday=365*jy+int(0.25d0*jy+2000.d0)+int(30.6001d0*jm)+id+1718995                AT ef
   0057         if (id+31*(mm+12*iyyy).ge.IGREG) then                                            AT 148
   0058           ja=int(0.01d0*jy)                                                              AT 177
   0059           julday=julday+2-ja+int(0.25d0*ja)                                              AT 197
   0060   c        julday=julday-2415019   ! 1/1/1900 JD zero                                    AT 1be
   0061           Julday=Julday-2415019 ! 12/30/1899 JD is 0                                     AT 1be
   0062   c        julday=julday-2415079;      ! on 3/1/1900 jday = 1                            AT 1c6
   0063         endif                                                                            AT 1c6
   0064         return                                                                           AT 1c6
   0065         END                                                                              AT 1cb
   0066   C**********************************************************************************    AT 4e
   0067   C Subroutine fromCalendar                                                              AT 0
   0068   C**********************************************************************************       AT 4e
   0069         Subroutine FromCalendar(date,month,day,year)                                     AT 4e
   0070   C takes a calendar date string as mm/dd/yyyy and returns the month, day and year       AT 4e
   0071                                                                                          AT 4e
   0072         character*10 date                                                                AT 4e
   0073         Character*10 date2                                                               AT 4e
   0074         integer month, day, year,pos                                                     AT 4e
   0075                                                                                          AT 4e
   0076          pos=index(date,'/')                                                             AT 4e
   0077                                                                                          AT 88
   0078         read(date(1:pos-1),*) month                                                      AT 88
   0079         date2=date(pos+1:)                                                               AT dd
   0080         pos=index(date2,'/')                                                             AT 11e
   0081         if (pos.gt.0) then                                                               AT 14d
   0082            read(date2(1:pos-1),*) day                                                    AT 159
   0083            read(date2(pos+1:),*) year                                                    AT 1a7
   0084           else                               ! case for no year                          AT 206
   0085            read(date2,*) day                                                             AT 206
   0086           endif                                                                          AT 243
   0087         return                                                                           AT 243
   0088          END                                                                             AT 248
   0089                                                                                          AT 5e
   0090          Function toCalendarDate(month,day,year)                                         AT 0
   0091                                                                                          AT 5e
   0092          character*10 toCalendarDate, temp                                               AT 5e
   0093          integer month, day, year                                                        AT 5e
   0094                                                                                          AT 5e
D:\2DSOIL_Grape\Soil Source\dateFunctions.for(93) : warning 767 - The argument MONTH has not been used 
D:\2DSOIL_Grape\Soil Source\dateFunctions.for(93) : warning 767 - The argument DAY has not been used 
D:\2DSOIL_Grape\Soil Source\dateFunctions.for(93) : warning 767 - The argument YEAR has not been used 
   0095          write (temp,'(i2.2,A1,i2.2,A1,i4.4)') mm,'/',id,'/',iyyy                        AT 5e
D:\2DSOIL_Grape\Soil Source\dateFunctions.for(95) : warning 298 - Variable MM has been used without being given an initial value 
D:\2DSOIL_Grape\Soil Source\dateFunctions.for(95) : warning 298 - Variable ID has been used without being given an initial value 
D:\2DSOIL_Grape\Soil Source\dateFunctions.for(95) : warning 298 - Variable IYYY has been used without being given an initial value 
   0096          toCalendarDate=temp                                                             AT 11b
   0097          return                                                                          AT 139
   0098          END                                                                             AT 13e
   0099                                                                                          AT 25
   0100                                                                                          AT 0
   0101           integer Function CurYear(date)                                                 AT 25
   0102                                                                                          AT 25
   0103             character*10 date                                                            AT 25
   0104             integer month, day, iyear                                                    AT 25
D:\2DSOIL_Grape\Soil Source\dateFunctions.for(104) : warning 197 - Variable IYEAR has been declared but not used 
   0105             call FromCalendar(Date,month,day, CurYear)                                   AT 25
   0106                                                                                          AT 4d
   0107                                                                                          AT 4d
   0108             return                                                                       AT 4d
   0109          END                                                                             AT 52
   0110                                                                                          AT 65
   0111                                                                                          AT 0
   0112                                                                                          AT 65




End of Compilation - Clocked 0.03 seconds
