Silverfrost FTN95/x64 Ver 8.50.0  ERRMES.FOR  Sun Oct 27 15:06:01 2019

Compiler used    [C:\Program Files (x86)\Silverfrost\FTN95\FTN95.EXE]
Salflibc path    [C:\Program Files (x86)\Silverfrost\FTN95\salflibc.dll]
Salflibc version [21.4.29.16]
Compiler options in effect:
    64;BINARY;CFPP;ERROR_NUMBERS;FIXED_FORMAT;FPP;IGNORE;LIST;
    LIST_INSERT_FILES;NO_BANNER;TABS;UNLIMITED_ERRORS;VS7;XREF;

   0001   c==== Error messages                                                                   AT 0
   0002         Subroutine ErrMes(N,M)                                                           AT 35
   0003         Include 'Public.ins'                                                             AT 35
 1/0001   c  dt ToDo - simplyfy common blocks so only variables needed in plant model            AT 35
 1/0002   c dt ToDo May 2016 added VarBW_old for debugging purposes can be removed later         AT 35
 1/0003   c   will be transferred.                                                               AT 35
 1/0004         Parameter (NumNPD=4000, NumElD=3500, NumBPD=600, NSeepD = 2,                     AT 35
 1/0005        &           NumSPD= 30, NumSD =10, NDrainD=2,NumDR=30,                            AT 35
 1/0006        &           NumGD = 3, NumPlD=100,                                                AT 35
 1/0007        &           NMatD=15,MNorth=4,                                                    AT 35
 1/0008        &           NumModD=20, MBandD=15,  NumSurfDatD=3+NumGD+NumSD)                    AT 35
 1/0009                                                                                          AT 35
 1/0010                                                                                          AT 35
 1/0011         Double precision Time,Step,tNext,                                                AT 35
 1/0012        &             dtOpt,dtMin,dMul1,dMul2,dtMx,tTDB,tFin,tatm                         AT 35
 1/0013         Double precision  A1,B1,VRV,RES,RQI,RQ,QI,QQ,RQIDOT                              AT 35
 1/0014         Double precision  ECNVRG, RCNVRG,ACNVRG                                          AT 35
 1/0015         Double precision Starter, TimeStep                                               AT 35
 1/0016                                                                                          AT 35
 1/0017         Real BlkDn, FracSind, FracClay, FracOM, hCritS,hCritA                            AT 35
 1/0018         Real nodeArea                                                                    AT 35
 1/0019         Integer CodeW,CodeS,CodeT,CodeG,errPlant                                         AT 35
 1/0020         Integer MaxItO, OutPutSoilNo, OutPutSoilYes                                      AT 35
 1/0021         Logical*1 lOrt                                                                   AT 35
 1/0022         Integer DailyOutput, HourlyOutput,RunFlag,                                       AT 35
 1/0023        &  DailyWeather,HourlyWeather,ITIME, IDAWN, IDUSK,                                AT 35
 1/0024        &  beginDay, sowingDay, endDay,year                                               AT 35
 1/0025                                                                                          AT 35
 1/0026         character WeatherFile*132, TimeFile*132, BiologyFile*132,                        AT 35
 1/0027        &          ClimateFile*132, NitrogenFile*132, SoluteFile*132,                     AT 35
 1/0028        &          SoilFile*132,                                                          AT 35
 1/0029        &          ManagementFile*132,DripFile*132,                                       AT 35
 1/0030        &          WaterFile*132, WaterBoundaryFile*132,                                  AT 35
 1/0031        &          PlantGraphics*132,InitialsFile*132,  VarietyFile*132,                  AT 35
 1/0032        &          NodeGraphics*132,ElemGraphics*132,                                     AT 35
 1/0033        &          NodeGeomFile*132,                                                      AT 35
 1/0034        &          GeometryFile*132,SurfaceGraphics*132,                                  AT 35
 1/0035        &          FluxGraphics*132,MassBalanceFile*132,                                  AT 35
 1/0036        &          MassBalanceFileOut*132,LeafGraphics*132,                               AT 35
 1/0037        &          RunFile*132                                                            AT 35
 1/0038         Common /grid_public/  NumNP, NumEl, IJ, KAT, MBand,Nmat,                         AT 35
 1/0039        &        KX(NumElD,4),x(NumNPD), y(NumNPD), Area(NumElD),                         AT 35
 1/0040        &        nodeArea(NumNPD)                                                         AT 35
 1/0041         Common /nodal_public/ NumSol,NumG,ListN(NumNPD),ListNE(NumNPD),                  AT 35
 1/0042        &       MatNumN(NumNPD),hNew(NumNPD),ThNew(NumNPD), Vx(NumNPD),                   AT 35
 1/0043        &       Vz(NumNPD),Q(NumNPD), Conc(NumNPD,NumSD),                                 AT 35
 1/0044        &       g(NumNPD,NumGD), Tmpr(NumNPD), Con(NumNPD),TcsXX(NumNPD),                 AT 35
 1/0045        &       RO(NumNPD), hNew_org(NumNPD),QAct(NumNPD),ThetaAvail,                     AT 35
 1/0046        &       ThetaFull, ThAvail(NumNPD),ThFull(NMAtD),  lOrt                           AT 35
 1/0047         Common /elem_public/  MatNumE(NumElD),Sink(NumNPD),                              AT 35
 1/0048        &       cSink(NumNPD,NumSD),gSink(NumNPD,NumGD),tSink(NumNPD),                    AT 35
 1/0049        &       RTWT(NumNPD),RUTDEN(NumNPD),RMassM(NumNPD),RDenM(NumNPD),                 AT 35
 1/0050        &       RMassY(NumNPD), RDenY(NumNPD)                                             AT 35
 1/0051         Common /bound_public/ NumBP, NSurf, NVarBW,NVarBS,NVarBT,NVarBG,                 AT 35
 1/0052        &       NumSurfDat, NSeep, NSP(NSeepD), NP(NSeepD,NumSPD),                        AT 35
 1/0053        &       NDrain,NDR(NDrainD),ND(NDrainD,NumDR),                                    AT 35
 1/0054        &       KXB(NumBPD),                                                              AT 35
 1/0055        &       CodeW(NumNPD),CodeS(NumNPD),CodeT(NumNPD),CodeG(NumNPD),                  AT 35
 1/0056        &       PCodeW(NumNPD),Width(NumBPD),                                             AT 35
 1/0057        &       VarBW(NumBPD,3),VarBW_Old(NumBPD,3),                                      AT 35
 1/0058        &       VarBS(NumBPD,NumSD),VarBT(NumBPD,4),                                      AT 35
 1/0059        &       VarBG(NumBPD,NumGD,3),EO,Tpot                                             AT 35
 1/0060         Common /time_public/tNext(NumModD),dtMx(4),Time,Step,dtOpt,                      AT 35
 1/0061        &        dtMin, dMul1, dMul2,  tTDB(4), Tfin,tAtm, Tinit,                         AT 35
 1/0062        &        lInput,Iter,DailyOutput,HourlyOutput,RunFlag,                            AT 35
 1/0063        &          DailyWeather,HourlyWeather,                                            AT 35
 1/0064        &          beginDay, sowingDay, endDay,                                           AT 35
 1/0065        &          OutputSoilNo, OutPutSoilYes, Year,                                     AT 35
 1/0066        &           iTime, iDawn, iDusk, dumpad, TimeStep                                 AT 35
 1/0067         Common /module_public/  NumMod,Movers(4), NShoot                                 AT 35
 1/0068         Common /error_public/errPlant                                                    AT 35
 1/0069         Common /Solver_public/IAD(MBandD,NumNPD), IADN(NumNPD),                          AT 35
 1/0070        &        IADD(NumNPD),A1(MBandD,NumNPD),B1(NumNPD),                               AT 35
 1/0071        &        VRV(NumNPD),RES(NumNPD),RQI(NumNPD,MNorth),                              AT 35
 1/0072        &        QQ(NumNPD), RQ(NumNPD),QI(NumNPD,MNorth), RQIDOT(MNorth)                 AT 35
 1/0073                                                                                          AT 35
 1/0074         Common /Initvar/ ECNVRG, RCNVRG, ACNVRG, MaxItO,EPSI_Heat,                       AT 35
 1/0075        &                 EPSI_Solute, hCritS, hCritA                                     AT 35
 1/0076                                                                                          AT 35
 1/0077         Common /DataFilenames/ Starter, WeatherFile, TimeFile,                           AT 35
 1/0078        &          BiologyFile,ClimateFile, NitrogenFile, SoluteFile,                     AT 35
 1/0079        &          SoilFile,                                                              AT 35
 1/0080        &          ManagementFile,DripFile,                                               AT 35
 1/0081        &          WaterFile, WaterBoundaryFile,                                          AT 35
 1/0082        &          PlantGraphics,InitialsFile,VarietyFile,                                AT 35
 1/0083        &          NodeGraphics,ElemGraphics,NodeGeomFile,                                AT 35
 1/0084        &          GeometryFile,SurfaceGraphics,                                          AT 35
 1/0085        &          FluxGraphics, MassBalanceFile,MassBalanceFileOut,                      AT 35
 1/0086        &          LeafGraphics,RunFile                                                   AT 35
 1/0087                                                                                          AT 35
 1/0088   c the following blocks are not passed to the crop model                                AT 35
 1/0089         Common /Nodal_pub_Aux/ ROForInfil(NumBPD)                                        AT 35
 1/0090                                                                                          AT 35
 1/0091         Common /Materials/BlkDn(NMatD),FracSind(NMatD), FracClay(NMatD),                 AT 35
 1/0092        &           FracOM(NMatD),TUpperLimit(NMatD), TLowerLimit(NMatD)                  AT 35
   0004         If(N.ne.0) then                                                                  AT 35
   0005           Write(4,20) N,M                                                                AT 4e
   0006           Stop                                                                           AT b5
   0007         Endif                                                                            AT c8
   0008   20    format('Error # ',i4,',   Line # ',i4)                                           AT c8
   0009         Return                                                                           AT c8
   0010         End                                                                              AT ec
   0011                                                                                          AT 0




End of Compilation - Clocked 0.02 seconds
