Silverfrost FTN95/x64 Ver 8.50.0  root_grow_c.FOR  Sun Oct 27 15:06:01 2019

Compiler used    [C:\Program Files (x86)\Silverfrost\FTN95\FTN95.EXE]
Salflibc path    [C:\Program Files (x86)\Silverfrost\FTN95\salflibc.dll]
Salflibc version [21.4.29.16]
Compiler options in effect:
    64;BINARY;CFPP;ERROR_NUMBERS;FIXED_FORMAT;FPP;IGNORE;LIST;
    LIST_INSERT_FILES;NO_BANNER;TABS;UNLIMITED_ERRORS;VS7;XREF;

   0001   *|||||||||||||||||||||||||||||||||||||||||||||||||||||||||||||||*                      AT 0
   0002         Subroutine Root_Mover_New ()                                                     AT a4
   0003         Include 'public.ins'                                                             AT a4
 1/0001   c  dt ToDo - simplyfy common blocks so only variables needed in plant model            AT a4
 1/0002   c dt ToDo May 2016 added VarBW_old for debugging purposes can be removed later         AT a4
 1/0003   c   will be transferred.                                                               AT a4
 1/0004         Parameter (NumNPD=4000, NumElD=3500, NumBPD=600, NSeepD = 2,                     AT a4
 1/0005        &           NumSPD= 30, NumSD =10, NDrainD=2,NumDR=30,                            AT a4
 1/0006        &           NumGD = 3, NumPlD=100,                                                AT a4
 1/0007        &           NMatD=15,MNorth=4,                                                    AT a4
 1/0008        &           NumModD=20, MBandD=15,  NumSurfDatD=3+NumGD+NumSD)                    AT a4
 1/0009                                                                                          AT a4
 1/0010                                                                                          AT a4
 1/0011         Double precision Time,Step,tNext,                                                AT a4
 1/0012        &             dtOpt,dtMin,dMul1,dMul2,dtMx,tTDB,tFin,tatm                         AT a4
 1/0013         Double precision  A1,B1,VRV,RES,RQI,RQ,QI,QQ,RQIDOT                              AT a4
 1/0014         Double precision  ECNVRG, RCNVRG,ACNVRG                                          AT a4
 1/0015         Double precision Starter, TimeStep                                               AT a4
 1/0016                                                                                          AT a4
 1/0017         Real BlkDn, FracSind, FracClay, FracOM, hCritS,hCritA                            AT a4
 1/0018         Real nodeArea                                                                    AT a4
 1/0019         Integer CodeW,CodeS,CodeT,CodeG,errPlant                                         AT a4
 1/0020         Integer MaxItO, OutPutSoilNo, OutPutSoilYes                                      AT a4
 1/0021         Logical*1 lOrt                                                                   AT a4
 1/0022         Integer DailyOutput, HourlyOutput,RunFlag,                                       AT a4
 1/0023        &  DailyWeather,HourlyWeather,ITIME, IDAWN, IDUSK,                                AT a4
 1/0024        &  beginDay, sowingDay, endDay,year                                               AT a4
 1/0025                                                                                          AT a4
 1/0026         character WeatherFile*132, TimeFile*132, BiologyFile*132,                        AT a4
 1/0027        &          ClimateFile*132, NitrogenFile*132, SoluteFile*132,                     AT a4
 1/0028        &          SoilFile*132,                                                          AT a4
 1/0029        &          ManagementFile*132,DripFile*132,                                       AT a4
 1/0030        &          WaterFile*132, WaterBoundaryFile*132,                                  AT a4
 1/0031        &          PlantGraphics*132,InitialsFile*132,  VarietyFile*132,                  AT a4
 1/0032        &          NodeGraphics*132,ElemGraphics*132,                                     AT a4
 1/0033        &          NodeGeomFile*132,                                                      AT a4
 1/0034        &          GeometryFile*132,SurfaceGraphics*132,                                  AT a4
 1/0035        &          FluxGraphics*132,MassBalanceFile*132,                                  AT a4
 1/0036        &          MassBalanceFileOut*132,LeafGraphics*132,                               AT a4
 1/0037        &          RunFile*132                                                            AT a4
 1/0038         Common /grid_public/  NumNP, NumEl, IJ, KAT, MBand,Nmat,                         AT a4
 1/0039        &        KX(NumElD,4),x(NumNPD), y(NumNPD), Area(NumElD),                         AT a4
 1/0040        &        nodeArea(NumNPD)                                                         AT a4
 1/0041         Common /nodal_public/ NumSol,NumG,ListN(NumNPD),ListNE(NumNPD),                  AT a4
 1/0042        &       MatNumN(NumNPD),hNew(NumNPD),ThNew(NumNPD), Vx(NumNPD),                   AT a4
 1/0043        &       Vz(NumNPD),Q(NumNPD), Conc(NumNPD,NumSD),                                 AT a4
 1/0044        &       g(NumNPD,NumGD), Tmpr(NumNPD), Con(NumNPD),TcsXX(NumNPD),                 AT a4
 1/0045        &       RO(NumNPD), hNew_org(NumNPD),QAct(NumNPD),ThetaAvail,                     AT a4
 1/0046        &       ThetaFull, ThAvail(NumNPD),ThFull(NMAtD),  lOrt                           AT a4
 1/0047         Common /elem_public/  MatNumE(NumElD),Sink(NumNPD),                              AT a4
 1/0048        &       cSink(NumNPD,NumSD),gSink(NumNPD,NumGD),tSink(NumNPD),                    AT a4
 1/0049        &       RTWT(NumNPD),RUTDEN(NumNPD),RMassM(NumNPD),RDenM(NumNPD),                 AT a4
 1/0050        &       RMassY(NumNPD), RDenY(NumNPD)                                             AT a4
 1/0051         Common /bound_public/ NumBP, NSurf, NVarBW,NVarBS,NVarBT,NVarBG,                 AT a4
 1/0052        &       NumSurfDat, NSeep, NSP(NSeepD), NP(NSeepD,NumSPD),                        AT a4
 1/0053        &       NDrain,NDR(NDrainD),ND(NDrainD,NumDR),                                    AT a4
 1/0054        &       KXB(NumBPD),                                                              AT a4
 1/0055        &       CodeW(NumNPD),CodeS(NumNPD),CodeT(NumNPD),CodeG(NumNPD),                  AT a4
 1/0056        &       PCodeW(NumNPD),Width(NumBPD),                                             AT a4
 1/0057        &       VarBW(NumBPD,3),VarBW_Old(NumBPD,3),                                      AT a4
 1/0058        &       VarBS(NumBPD,NumSD),VarBT(NumBPD,4),                                      AT a4
 1/0059        &       VarBG(NumBPD,NumGD,3),EO,Tpot                                             AT a4
 1/0060         Common /time_public/tNext(NumModD),dtMx(4),Time,Step,dtOpt,                      AT a4
 1/0061        &        dtMin, dMul1, dMul2,  tTDB(4), Tfin,tAtm, Tinit,                         AT a4
 1/0062        &        lInput,Iter,DailyOutput,HourlyOutput,RunFlag,                            AT a4
 1/0063        &          DailyWeather,HourlyWeather,                                            AT a4
 1/0064        &          beginDay, sowingDay, endDay,                                           AT a4
 1/0065        &          OutputSoilNo, OutPutSoilYes, Year,                                     AT a4
 1/0066        &           iTime, iDawn, iDusk, dumpad, TimeStep                                 AT a4
 1/0067         Common /module_public/  NumMod,Movers(4), NShoot                                 AT a4
 1/0068         Common /error_public/errPlant                                                    AT a4
 1/0069         Common /Solver_public/IAD(MBandD,NumNPD), IADN(NumNPD),                          AT a4
 1/0070        &        IADD(NumNPD),A1(MBandD,NumNPD),B1(NumNPD),                               AT a4
 1/0071        &        VRV(NumNPD),RES(NumNPD),RQI(NumNPD,MNorth),                              AT a4
 1/0072        &        QQ(NumNPD), RQ(NumNPD),QI(NumNPD,MNorth), RQIDOT(MNorth)                 AT a4
 1/0073                                                                                          AT a4
 1/0074         Common /Initvar/ ECNVRG, RCNVRG, ACNVRG, MaxItO,EPSI_Heat,                       AT a4
 1/0075        &                 EPSI_Solute, hCritS, hCritA                                     AT a4
 1/0076                                                                                          AT a4
 1/0077         Common /DataFilenames/ Starter, WeatherFile, TimeFile,                           AT a4
 1/0078        &          BiologyFile,ClimateFile, NitrogenFile, SoluteFile,                     AT a4
 1/0079        &          SoilFile,                                                              AT a4
 1/0080        &          ManagementFile,DripFile,                                               AT a4
 1/0081        &          WaterFile, WaterBoundaryFile,                                          AT a4
 1/0082        &          PlantGraphics,InitialsFile,VarietyFile,                                AT a4
 1/0083        &          NodeGraphics,ElemGraphics,NodeGeomFile,                                AT a4
 1/0084        &          GeometryFile,SurfaceGraphics,                                          AT a4
 1/0085        &          FluxGraphics, MassBalanceFile,MassBalanceFileOut,                      AT a4
 1/0086        &          LeafGraphics,RunFile                                                   AT a4
 1/0087                                                                                          AT a4
 1/0088   c the following blocks are not passed to the crop model                                AT a4
 1/0089         Common /Nodal_pub_Aux/ ROForInfil(NumBPD)                                        AT a4
 1/0090                                                                                          AT a4
 1/0091         Common /Materials/BlkDn(NMatD),FracSind(NMatD), FracClay(NMatD),                 AT a4
 1/0092        &           FracOM(NMatD),TUpperLimit(NMatD), TLowerLimit(NMatD)                  AT a4
   0004         Include 'puplant.ins'                                                            AT a4
 1/0001                                                                                          AT a4
 1/0002         REAL*8 PCRL, PCRQ,PCRS,ET_demand,LCAI,COVER,CONVR                                AT a4
 1/0003         Real*8 HourlyCarboUsed                                                           AT a4
 1/0004         REAL*4 SHADE,HEIGHT,LAI,AWUPS,NitroDemand,NDemandError                           AT a4
 1/0005         REAL LAREAT, MaxRootDepth, InitialRootCarbo                                      AT a4
 1/0006         integer isGerminated, isEmerged                                                  AT a4
 1/0007                                                                                          AT a4
 1/0008   C includes variables shared with crop model                                            AT a4
 1/0009         Common /ShootR/   PCRL,PCRQ,PCRS,HourlyCarboUsed, ET_demand,                     AT a4
 1/0010        &                  LCAI,COVER,CONVR,                                              AT a4
 1/0011        &                  MaxRootDepth,SHADE,HEIGHT,LAI,AWUPS,                           AT a4
 1/0012        &                  NitroDemand,xBSTEM,yBSTEM,SGT,PSIM,                            AT a4
 1/0013        &                  LAREAT,POPROW,ROWSP,ROWANG,PopArea,                            AT a4
 1/0014        &                  CEC,EORSCS,AWUPSS,SOLRAD,                                      AT a4
 1/0015        &                  Total_Eor,Total_Pcrs,sincrsink,PSILD,                          AT a4
 1/0016        &                  OSMFAC,EOMULT,PSIL_,NDemandError,                              AT a4
 1/0017        &                  CumulativeNDemandError,TotalRootWeight,                        AT a4
 1/0018        &                  InitialRootCarbo,                                              AT a4
 1/0019        &                  ConstI(2),constK(2), Cmin0(2),                                 AT a4
 1/0020        &                  isGerminated, isEmerged                                        AT a4
 1/0021                                                                                          AT a4
 1/0022                                                                                          AT a4
 1/0023   C includes variables only used inside 2dsoil                                           AT a4
 1/0024         Common /shtR_public/ RVR(NumNPD), AWUP(NumELD),PSISM,PSILT,EOR,                  AT a4
 1/0025        &                     YRL(NumNPD), RGCF(NumNPD),iFavRoot(NumNPD),                 AT a4
 1/0026        &                     PSIS(NumNPD), TS(NumNPD),COND(NumNPD),                      AT a4
 1/0027        &                     PDWR(NumNPD),                                               AT a4
 1/0028        &                     DRL(NumNPD),WUPM(NumNPD),                                   AT a4
 1/0029        &                     WUPN(NumNPD),WUPT(NumNPD),TPL,PPDRL(NumNPD),                AT a4
 1/0030        &                     ADWR(NumNPD), AWR(NumNPD), ADRL(NumNPD),RTWL,               AT a4
 1/0031        &                     RtMinWtPerUnitArea,Wl,Wa,Wr,Wb,ALPY,                        AT a4
 1/0032        &                     WidthE(NumEld),HeightE(NumEld),                             AT a9
 1/0033        &                  PILD,VMAX,vegsrc, potential_T,                                 AT a9
 1/0034        &                   potential_T_EO,                                               AT a9
 1/0035        &                  AWUPS_old, WUPMS, EORSCF,WUPDS, WUP2S,                         AT a9
 1/0036        &                 WUP0S, DPSI02,SCF, PSIST,PROPAR,                                AT a9
 1/0037        &                 VUP(NumNPD,2),FUP(NumNPD,2)                                     AT a9
 1/0038   c      end                                                                             AT a9
   0005         Dimension iLoc(4)                                                                AT a9
D:\2DSOIL_Grape\Soil Source\root_grow_c.FOR(5) : warning 197 - Variable ILOC has been declared but not used 
   0006         Integer n,n1,e,SW10,SW20,SW30,SW40                                               AT a9
D:\2DSOIL_Grape\Soil Source\root_grow_c.FOR(6) : warning 197 - Variable E has been declared but not used 
D:\2DSOIL_Grape\Soil Source\root_grow_c.FOR(6) : warning 197 - Variable SW10 has been declared but not used 
D:\2DSOIL_Grape\Soil Source\root_grow_c.FOR(6) : warning 197 - Variable SW20 has been declared but not used 
D:\2DSOIL_Grape\Soil Source\root_grow_c.FOR(6) : warning 197 - Variable SW30 has been declared but not used 
   0007         Real*4  WeightNeighbor(4),LeftDist, RightDist, TopDist,BottomDist                AT a9
   0008                                                                                          AT a9
   0009                                                                                          AT a9
D:\2DSOIL_Grape\Soil Source\root_grow_c.FOR(7) : warning 197 - Variable WEIGHTNEIGHBOR has been declared but not used 
D:\2DSOIL_Grape\Soil Source\root_grow_c.FOR(7) : warning 197 - Variable LEFTDIST has been declared but not used 
D:\2DSOIL_Grape\Soil Source\root_grow_c.FOR(7) : warning 197 - Variable RIGHTDIST has been declared but not used 
D:\2DSOIL_Grape\Soil Source\root_grow_c.FOR(7) : warning 197 - Variable TOPDIST has been declared but not used 
D:\2DSOIL_Grape\Soil Source\root_grow_c.FOR(7) : warning 197 - Variable BOTTOMDIST has been declared but not used 
   0010         t=sngl(Time)                                                                     AT a9
D:\2DSOIL_Grape\Soil Source\root_grow_c.FOR(10) : warning 242 - Variable T has been given a value but never used 
   0011         If (lInput.eq.0) goto 11                                                         AT a9
   0012         HourlyCarboUsed=0          !hourly initializtion in crop model                   AT c3
   0013   C                                                                                      AT c3
   0014   C  Reading of the input files and initial calculations                                 AT c3
   0015   C                                                                                      AT c3
   0016   c      open(105, file='root.dat',recl=150)                                             AT c3
   0017   c      write(105,'(10A12)')'time    ','elem   ' , 'AWR    ', 'PDWR     ',              AT c3
   0018   c     !  'pcrts    ' ,'pcrs    ','convr   ', 'rootwt    ', 'id',                       AT c3
   0019   c     !   'Matnum'                                                                     AT c3
   0020   !        TotalRootWeight=0.0    !temporary                                             AT c3
   0021                                                                                          AT c3
   0022   11    continue                                                                         AT c3
   0023   C                                                                                      AT f4
   0024                                                                                          AT f4
   0025   C     ---------- Taken form R U T G R O   of  G L Y C I M                              AT f4
   0026   C                                                                                      AT f4
   0027   C  CALCULATE SOIL MECHANICAL RESISTANCE TO ROOT GROWTH IN EACH CELL                    AT f4
   0028   C                                                                                      AT f4
   0029   C  CALCULATE GROWTH BY NEW ROOTS IF ROOTS GREW AT POTENTIAL                            AT f4
   0030   C  RATE DURING PAST PERIOD. START WITH SOIL CELL WHERE CONDITIONS                      AT f4
   0031   C  ARE MOST FAVORABLE FOR GROWTH                                                       AT f4
   0032                                                                                          AT f4
   0033                                                                                          AT f4
   0034   C  No Plant = No Root Activity                                                         AT f4
   0035         If(NShoot.eq.0.or.isGerminated.eq.0) Return                                      AT f4
   0036   C                                                                                      AT f9
   0037                                                                                          AT f9
   0038   cccz zhuangji: comment this because it has been calculated in carbon_partitioning      AT f9
   0039   C calculate potential growth in root length (DT- May not need this loop - look into this) AT f9
   0040   c      DO 30, e=1,NumEl                                                                AT f9
   0041   c        e1=iFavRoot(e)                                                                AT f9
   0042   c        PDRL = PDWR(e1)/RTWL ! potential rate of change in root length cm d-1         AT f9
   0043   c        DRL(e1) = (PDRL + PPDRL(e1))*Step/2.0  ! average here                         AT f9
   0044   c        PPDRL(e1) = PDRL  ! value at previous calculation time                        AT f9
   0045                                                                                          AT f9
   0046   c30    CONTINUE                                                                        AT f9
   0047                                                                                          AT f9
   0048   C   Taken from ACTGRO of GLYCIM                                                        AT f9
   0049   C   THIS PART GROWS ROOTS IN THE MOST FAVORABLE CELLS UNTIL                            AT f9
   0050   C   CARBON AVAILABLE IS USED                                                           AT f9
   0051   C                                                                                      AT f9
   0052   C   When the cells are small, the model does not always use all the carbon available   AT f9
   0053   C   We can loop this until all carbon is used up or increase the growth rate. The latter AT f9
   0054   C   would require some iteration, it may be best to loop several times, the only problem is AT f9
   0055   C   that it would weight the first cells maybe too hightly                             AT f9
   0056                                                                                          AT f9
   0057         xMul=1.0D0                                                                       AT f9
   0058                                                                                          AT 109
D:\2DSOIL_Grape\Soil Source\root_grow_c.FOR(57) : warning 242 - Variable XMUL has been given a value but never used 
   0059         PCRTS=0.0D0                                                                      AT 109
   0060         SW40=0                                                                           AT 119
   0061         used=0.0D0                                                                       AT 121
   0062                                                                                          AT 144
   0063         DO 60 n = 1,NumNP                                                                AT 144
   0064              n1=iFavRoot(n)                                                              AT 16f
   0065           IF (PDWR(n1).LE.0.0D0) THEN                                                    AT 190
   0066             ADWR(n1) = 0.0                                                               AT 1c7
   0067           ELSE                                                                           AT 1eb
   0068             PCRTS = PCRTS + (PDWR(n1)*CONVR)                                             AT 1eb
   0069                                                                                          AT 243
   0070             IF (PCRS.GE.PCRTS) THEN                                                      AT 243
   0071               ADWR(n1) = PDWR(n1)                                                        AT 267
   0072               used=PCRTS                                                                 AT 2a6
   0073               ll=1                                                                       AT 2b4
   0074   c           write(105,25) time, e1, ADWR(e1),PDWR(e1)*CONVR, PCRTS,                    AT 2c4
   0075   c     !                        PCRS,Used,rtwt(e1), ll, matnumE(e1)                     AT 2c4
D:\2DSOIL_Grape\Soil Source\root_grow_c.FOR(73) : warning 242 - Variable LL has been given a value but never used 
   0076             ELSE IF ((SW40.GT.1).OR.(SW40.LT.1)) THEN                                    AT 2c4
   0077               SW40 = 1                                                                   AT 2e0
   0078               ADWR(n1)=((PDWR(n1)*CONVR)-PCRTS+PCRS)/CONVR                               AT 2f7
   0079               ll=2                                                                       AT 376
   0080                                                                                          AT 381
   0081               used=used+ADWR(n1)*CONVR                                                   AT 381
   0082   c            write(105,25) time, e1, ADWR(e1),PDWR(e1)*CONVR, PCRTS,                   AT 3d0
   0083   c     !                        PCRS,USED,rtwt(e1), ll, matnumE(e1)                     AT 3d0
   0084             ELSE                                                                         AT 3d0
   0085               ADWR(n1) = 0.0                                                             AT 3df
   0086             END IF                                                                       AT 3fe
   0087           END IF                                                                         AT 3fe
   0088                                                                                          AT 40d
   0089   cccz  CALCULATE ROOT GROWTH RATE                                                       AT 40d
   0090           AWR(n1) = ADWR(n1)*Step                                                        AT 40d
   0091                                                                                          AT 467
   0092    60   CONTINUE                                                                         AT 467
   0093         fdif=pcrs-used                                                                   AT 479
   0094   c      if (fdif.gt.0) then                                                             AT 4af
   0095   c         iii=1;                                                                       AT 4af
   0096   c        endif                                                                         AT 4af
   0097   C                                                                                      AT 4af
   0098   CDT 03/13/2011 Added this line from GLYCIM. PCRS returns the actual amount of carbon used  AT 4af
   0099   C If the roots don't use all the carbon allocated then pcrts will be less than pcrs    AT 4af
   0100   C if the roots use all the carbon then the code will overshoot pcrts slightly (the growth in the element  AT 4af
   0101   C  is adjusted but not the summation of pcrts.                                         AT 4af
D:\2DSOIL_Grape\Soil Source\root_grow_c.FOR(93) : warning 242 - Variable FDIF has been given a value but never used 
   0102         PCRS=AMIN1(PCRTS,PCRS)                                                           AT 4af
   0103   c    cdt HourlyCarboUsed is the summation of carbohydrate actually used to  grow roots AT 52d
   0104   c       summed between calls to the plant model. It should be initialized to 0 hourly  AT 52d
   0105   c     in the plant model                                                               AT 52d
   0106         HourlyCarboUsed=HourlyCarboUsed+PCRS*step                                        AT 52d
   0107                                                                                          AT 52d
   0108                                                                                          AT 52d
   0109   cccz zhuangji: since we use the nodebased representation,                              AT 52d
   0110   cccz   we can directly calculate the root weight based on the                          AT 52d
   0111   cccz   node RMassY and RMassM results                                                  AT 52d
   0112         TotalRootWeight=0.0D0                                                            AT 52d
   0113         do n=1,NumNP                                                                     AT 52d
   0114             TotalRootWeight=TotalRootWeight                                              AT 55f
   0115        &      +nodeArea(n)*(RMassM(n)+RMassY(n))                                         AT 55f
   0116         enddo                                                                            AT 5e1
   0117                                                                                          AT 5f6
   0118   c   Actual growth                                                                      AT 5f6
   0119                                                                                          AT 5f6
   0120   25    format (F12.6,1x,i6,2x,6G12.3,1x,2i5)                                            AT 5f6
D:\2DSOIL_Grape\Soil Source\root_grow_c.FOR(120) : warning 21 - Label 25 is declared, but not used 
   0121         Return                                                                           AT 5f6
   0122         End                                                                              AT 40
   0123   *                                                                                      AT 0
   0124         Function f1(PSI)                                                                 AT 40
   0125   c                                                                                      AT 40
   0126   c  Root growth correction by soil matric potential                                     AT 40
   0127   c                                                                                      AT 40
   0128         bet=0.0028                                                                       AT 40
   0129         psi_thr=-860.                                                                    AT 50
   0130         if (PSI.LT.psi_thr) then                                                         AT 60
   0131             aux=0.0                                                                      AT 7c
   0132         else                                                                             AT 91
   0133             aux=1-exp(bet*(psi_thr-PSI))                                                 AT 91
   0134         EndIf                                                                            AT d8
   0135         f1=aux                                                                           AT d8
   0136         Return                                                                           AT df
   0137         End                                                                              AT 11c
   0138   *                                                                                      AT 0
   0139   CDT took out functions for f1 and f2 that adjusted  root diffusion coefficients based  AT 11c
   0140   C  on soil properties. This is all done here via carbon allocation                     AT 11c
   0141   C AD took out subroutine SORT, and kept it in carbon_partitioning                      AT 11c




End of Compilation - Clocked 0.02 seconds
