Silverfrost FTN95/x64 Ver 8.50.0  SYNCHRON.FOR  Sun Oct 27 15:06:02 2019

Compiler used    [C:\Program Files (x86)\Silverfrost\FTN95\FTN95.EXE]
Salflibc path    [C:\Program Files (x86)\Silverfrost\FTN95\salflibc.dll]
Salflibc version [21.4.29.16]
Compiler options in effect:
    64;BINARY;CFPP;ERROR_NUMBERS;FIXED_FORMAT;FPP;IGNORE;LIST;
    LIST_INSERT_FILES;NO_BANNER;TABS;UNLIMITED_ERRORS;VS7;XREF;

   0001   c|||||||||||||||||||||||||||||||||||||||||||||||||||||||||||||||||||*                  AT 0
   0002                                                                                          AT a7
   0003         Subroutine Synchronizer()                                                        AT a7
   0004         Include 'public.ins'                                                             AT a7
   0005                                                                                          AT a7
 1/0001   c  dt ToDo - simplyfy common blocks so only variables needed in plant model            AT a7
 1/0002   c dt ToDo May 2016 added VarBW_old for debugging purposes can be removed later         AT a7
 1/0003   c   will be transferred.                                                               AT a7
 1/0004         Parameter (NumNPD=4000, NumElD=3500, NumBPD=600, NSeepD = 2,                     AT a7
 1/0005        &           NumSPD= 30, NumSD =10, NDrainD=2,NumDR=30,                            AT a7
 1/0006        &           NumGD = 3, NumPlD=100,                                                AT a7
 1/0007        &           NMatD=15,MNorth=4,                                                    AT a7
 1/0008        &           NumModD=20, MBandD=15,  NumSurfDatD=3+NumGD+NumSD)                    AT a7
 1/0009                                                                                          AT a7
 1/0010                                                                                          AT a7
 1/0011         Double precision Time,Step,tNext,                                                AT a7
 1/0012        &             dtOpt,dtMin,dMul1,dMul2,dtMx,tTDB,tFin,tatm                         AT a7
 1/0013         Double precision  A1,B1,VRV,RES,RQI,RQ,QI,QQ,RQIDOT                              AT a7
 1/0014         Double precision  ECNVRG, RCNVRG,ACNVRG                                          AT a7
 1/0015         Double precision Starter, TimeStep                                               AT a7
 1/0016                                                                                          AT a7
 1/0017         Real BlkDn, FracSind, FracClay, FracOM, hCritS,hCritA                            AT a7
 1/0018         Real nodeArea                                                                    AT a7
 1/0019         Integer CodeW,CodeS,CodeT,CodeG,errPlant                                         AT a7
 1/0020         Integer MaxItO, OutPutSoilNo, OutPutSoilYes                                      AT a7
 1/0021         Logical*1 lOrt                                                                   AT a7
 1/0022         Integer DailyOutput, HourlyOutput,RunFlag,                                       AT a7
 1/0023        &  DailyWeather,HourlyWeather,ITIME, IDAWN, IDUSK,                                AT a7
 1/0024        &  beginDay, sowingDay, endDay,year                                               AT a7
 1/0025                                                                                          AT a7
 1/0026         character WeatherFile*132, TimeFile*132, BiologyFile*132,                        AT a7
 1/0027        &          ClimateFile*132, NitrogenFile*132, SoluteFile*132,                     AT a7
 1/0028        &          SoilFile*132,                                                          AT a7
 1/0029        &          ManagementFile*132,DripFile*132,                                       AT a7
 1/0030        &          WaterFile*132, WaterBoundaryFile*132,                                  AT a7
 1/0031        &          PlantGraphics*132,InitialsFile*132,  VarietyFile*132,                  AT a7
 1/0032        &          NodeGraphics*132,ElemGraphics*132,                                     AT a7
 1/0033        &          NodeGeomFile*132,                                                      AT a7
 1/0034        &          GeometryFile*132,SurfaceGraphics*132,                                  AT a7
 1/0035        &          FluxGraphics*132,MassBalanceFile*132,                                  AT a7
 1/0036        &          MassBalanceFileOut*132,LeafGraphics*132,                               AT a7
 1/0037        &          RunFile*132                                                            AT a7
 1/0038         Common /grid_public/  NumNP, NumEl, IJ, KAT, MBand,Nmat,                         AT a7
 1/0039        &        KX(NumElD,4),x(NumNPD), y(NumNPD), Area(NumElD),                         AT a7
 1/0040        &        nodeArea(NumNPD)                                                         AT a7
 1/0041         Common /nodal_public/ NumSol,NumG,ListN(NumNPD),ListNE(NumNPD),                  AT a7
 1/0042        &       MatNumN(NumNPD),hNew(NumNPD),ThNew(NumNPD), Vx(NumNPD),                   AT a7
 1/0043        &       Vz(NumNPD),Q(NumNPD), Conc(NumNPD,NumSD),                                 AT a7
 1/0044        &       g(NumNPD,NumGD), Tmpr(NumNPD), Con(NumNPD),TcsXX(NumNPD),                 AT a7
 1/0045        &       RO(NumNPD), hNew_org(NumNPD),QAct(NumNPD),ThetaAvail,                     AT a7
 1/0046        &       ThetaFull, ThAvail(NumNPD),ThFull(NMAtD),  lOrt                           AT a7
 1/0047         Common /elem_public/  MatNumE(NumElD),Sink(NumNPD),                              AT a7
 1/0048        &       cSink(NumNPD,NumSD),gSink(NumNPD,NumGD),tSink(NumNPD),                    AT a7
 1/0049        &       RTWT(NumNPD),RUTDEN(NumNPD),RMassM(NumNPD),RDenM(NumNPD),                 AT a7
 1/0050        &       RMassY(NumNPD), RDenY(NumNPD)                                             AT a7
 1/0051         Common /bound_public/ NumBP, NSurf, NVarBW,NVarBS,NVarBT,NVarBG,                 AT a7
 1/0052        &       NumSurfDat, NSeep, NSP(NSeepD), NP(NSeepD,NumSPD),                        AT a7
 1/0053        &       NDrain,NDR(NDrainD),ND(NDrainD,NumDR),                                    AT a7
 1/0054        &       KXB(NumBPD),                                                              AT a7
 1/0055        &       CodeW(NumNPD),CodeS(NumNPD),CodeT(NumNPD),CodeG(NumNPD),                  AT a7
 1/0056        &       PCodeW(NumNPD),Width(NumBPD),                                             AT a7
 1/0057        &       VarBW(NumBPD,3),VarBW_Old(NumBPD,3),                                      AT a7
 1/0058        &       VarBS(NumBPD,NumSD),VarBT(NumBPD,4),                                      AT a7
 1/0059        &       VarBG(NumBPD,NumGD,3),EO,Tpot                                             AT a7
 1/0060         Common /time_public/tNext(NumModD),dtMx(4),Time,Step,dtOpt,                      AT a7
 1/0061        &        dtMin, dMul1, dMul2,  tTDB(4), Tfin,tAtm, Tinit,                         AT a7
 1/0062        &        lInput,Iter,DailyOutput,HourlyOutput,RunFlag,                            AT a7
 1/0063        &          DailyWeather,HourlyWeather,                                            AT a7
 1/0064        &          beginDay, sowingDay, endDay,                                           AT a7
 1/0065        &          OutputSoilNo, OutPutSoilYes, Year,                                     AT a7
 1/0066        &           iTime, iDawn, iDusk, dumpad, TimeStep                                 AT a7
 1/0067         Common /module_public/  NumMod,Movers(4), NShoot                                 AT a7
 1/0068         Common /error_public/errPlant                                                    AT a7
 1/0069         Common /Solver_public/IAD(MBandD,NumNPD), IADN(NumNPD),                          AT a7
 1/0070        &        IADD(NumNPD),A1(MBandD,NumNPD),B1(NumNPD),                               AT a7
 1/0071        &        VRV(NumNPD),RES(NumNPD),RQI(NumNPD,MNorth),                              AT a7
 1/0072        &        QQ(NumNPD), RQ(NumNPD),QI(NumNPD,MNorth), RQIDOT(MNorth)                 AT a7
 1/0073                                                                                          AT a7
 1/0074         Common /Initvar/ ECNVRG, RCNVRG, ACNVRG, MaxItO,EPSI_Heat,                       AT a7
 1/0075        &                 EPSI_Solute, hCritS, hCritA                                     AT a7
 1/0076                                                                                          AT a7
 1/0077         Common /DataFilenames/ Starter, WeatherFile, TimeFile,                           AT a7
 1/0078        &          BiologyFile,ClimateFile, NitrogenFile, SoluteFile,                     AT a7
 1/0079        &          SoilFile,                                                              AT a7
 1/0080        &          ManagementFile,DripFile,                                               AT a7
 1/0081        &          WaterFile, WaterBoundaryFile,                                          AT a7
 1/0082        &          PlantGraphics,InitialsFile,VarietyFile,                                AT a7
 1/0083        &          NodeGraphics,ElemGraphics,NodeGeomFile,                                AT a7
 1/0084        &          GeometryFile,SurfaceGraphics,                                          AT a7
 1/0085        &          FluxGraphics, MassBalanceFile,MassBalanceFileOut,                      AT a7
 1/0086        &          LeafGraphics,RunFile                                                   AT a7
 1/0087                                                                                          AT a7
 1/0088   c the following blocks are not passed to the crop model                                AT a7
 1/0089         Common /Nodal_pub_Aux/ ROForInfil(NumBPD)                                        AT a7
 1/0090                                                                                          AT a7
 1/0091         Common /Materials/BlkDn(NMatD),FracSind(NMatD), FracClay(NMatD),                 AT a7
 1/0092        &           FracOM(NMatD),TUpperLimit(NMatD), TLowerLimit(NMatD)                  AT a7
   0006         character line*40                                                                AT a7
D:\2DSOIL_Grape\Soil Source\SYNCHRON.FOR(6) : warning 197 - Variable LINE has been declared but not used 
   0007         Character*10 SDate,FDate                                                         AT a7
   0008         double precision tFix,tRigid,dt,t,dtmax                                          AT a7
   0009                                                                                          AT a7
   0010         If (lInput.eq.1) then                                                            AT a7
   0011           If (NumMod.eq.-1) then                                                         AT a7
   0012             Open(42,file=TimeFile,status='old',err=10)                                   AT a7
   0013             im=1                                                                         AT 129
   0014             Read(42,*,ERR=10)                                                            AT 134
   0015             im=im+1                                                                      AT 16b
   0016             Read(42,*,ERR=10)                                                            AT 172
   0017             im=im+1                                                                      AT 1a9
   0018             Read(42,*,ERR=10) SDate,Step,dtMin,dMul1,dMul2,Fdate                         AT 1b0
   0019             Read(42,*,ERR=10)                                                            AT 289
   0020             Read(42,*,ERR=10) DailyOutput,HourlyOutput                                   AT 2c0
   0021             Read(42,*,ERR=10)                                                            AT 32d
   0022             Read(42,*,ERR=10) DailyWeather,HourlyWeather                                 AT 364
   0023             Close(42)                                                                    AT 3d1
   0024             Time=Julday(Sdate)                                                           AT 3f0
   0025             TFin=Julday(Fdate)                                                           AT 41d
   0026             dtOpt=Step                                                                   AT 495
   0027             Tinit=Time                                                                   AT 495
   0028             NumMod=0                                                                     AT 495
   0029             RunFlag=1                                                                    AT 495
   0030             Return                                                                       AT 495
   0031   10        Call errmes(im,im-1)                                                         AT 49a
   0032           Else                                                                           AT 4c4
   0033             lInput=0                                                                     AT 4f6
   0034           Endif                                                                          AT 4f6
   0035         Else                                                                             AT 4f6
   0036           t=Time                                                                         AT 4f6
   0037           tRigid=1.E+30                                                                  AT 4f6
   0038           Do j=1,NumMod                                                                  AT 51f
   0039             if(tNext(j).lt.tRigid) tRigid = tNext(j)                                     AT 54f
   0040           Enddo                                                                          AT 5aa
   0041           if (time.gt.51.27) then                                                        AT 5e7
   0042             hhh=1                                                                        AT 5e7
D:\2DSOIL_Grape\Soil Source\SYNCHRON.FOR(42) : warning 242 - Variable HHH has been given a value but never used 
   0043             endif                                                                        AT 5fa
   0044           dtMax=dmin1(dtMx(1),dtMx(2),dtMx(3),dtMx(4))                                   AT 743
   0045           tFix=dmin1(tRigid,tTDB(1),tTDB(2),tTDB(3),tTDB(4),tFin)                        AT 743
   0046           If(Iter.le.3.and.(tFix-t).ge.dMul1*dtOpt)                                      AT 743
   0047        &  dtOpt=dmin1(dtMax,dMul1*dtOpt)                                                 AT 743
   0048           If(Iter.ge.7)                                                                  AT 7fd
   0049        &  dtOpt=dmax1(dtMin,dMul2*dtOpt)                                                 AT 7fd
   0050           dt=dmin1(dtOpt,tFix-t)                                                         AT 7fd
   0051           If ((abs(dt/t).lt.1.E-20).or.(RunFlag.eq.0)) then                              AT 831
   0052           write(*,*) 'Finished at',time                                                  AT 86c
   0053             Stop                                                                         AT 8c1
   0054           Endif                                                                          AT 8d4
   0055           dt=dmin1((tFix-t)/anint((tFix-t)/dt),dtMax)                                    AT 8d4
   0056           If(tFix-t.ne.dt.and.dt.gt.(tFix-t)/2.) dt=(tFix-t)/2.                          AT 92e
D:\2DSOIL_Grape\Soil Source\SYNCHRON.FOR(56) : warning 179 - Comparing floating point quantities for inequality may give misleading results 
   0057           Step = dt                                                                      AT 9bc
   0058         Endif                                                                            AT 9bc
   0059   c       WRITE(LINE,       CALL COUP@(LINE,5,1,24)                                      AT 9bc
   0060         write(*,*) Time                                                                  AT 9bc
   0061         Time = Time + Step                                                               AT a1c
   0062                                                                                          AT a1c
   0063   100    FORMAT(1x,G12.5)                                                                AT a1c
D:\2DSOIL_Grape\Soil Source\SYNCHRON.FOR(63) : warning 21 - Label 100 is declared, but not used 
   0064         Return                                                                           AT a1c
   0065         End                                                                              AT a91




End of Compilation - Clocked 0.01 seconds
