Silverfrost FTN95/x64 Ver 8.50.0  wateruptake.FOR  Sun Oct 27 15:06:02 2019

Compiler used    [C:\Program Files (x86)\Silverfrost\FTN95\FTN95.EXE]
Salflibc path    [C:\Program Files (x86)\Silverfrost\FTN95\salflibc.dll]
Salflibc version [21.4.29.16]
Compiler options in effect:
    64;BINARY;CFPP;ERROR_NUMBERS;FIXED_FORMAT;FPP;IGNORE;LIST;
    LIST_INSERT_FILES;NO_BANNER;TABS;UNLIMITED_ERRORS;VS7;XREF;

   0001   c|||||||||||||||||||||||||||||||||||||||||||||||||||||||||||||||c                      AT 0
   0002         Subroutine WaterUptake_New ()                                                    AT ae
   0003         Include 'public.ins'                                                             AT ae
 1/0001   c  dt ToDo - simplyfy common blocks so only variables needed in plant model            AT ae
 1/0002   c dt ToDo May 2016 added VarBW_old for debugging purposes can be removed later         AT ae
 1/0003   c   will be transferred.                                                               AT ae
 1/0004         Parameter (NumNPD=4000, NumElD=3500, NumBPD=600, NSeepD = 2,                     AT ae
 1/0005        &           NumSPD= 30, NumSD =10, NDrainD=2,NumDR=30,                            AT ae
 1/0006        &           NumGD = 3, NumPlD=100,                                                AT ae
 1/0007        &           NMatD=15,MNorth=4,                                                    AT ae
 1/0008        &           NumModD=20, MBandD=15,  NumSurfDatD=3+NumGD+NumSD)                    AT ae
 1/0009                                                                                          AT ae
 1/0010                                                                                          AT ae
 1/0011         Double precision Time,Step,tNext,                                                AT ae
 1/0012        &             dtOpt,dtMin,dMul1,dMul2,dtMx,tTDB,tFin,tatm                         AT ae
 1/0013         Double precision  A1,B1,VRV,RES,RQI,RQ,QI,QQ,RQIDOT                              AT ae
 1/0014         Double precision  ECNVRG, RCNVRG,ACNVRG                                          AT ae
 1/0015         Double precision Starter, TimeStep                                               AT ae
 1/0016                                                                                          AT ae
 1/0017         Real BlkDn, FracSind, FracClay, FracOM, hCritS,hCritA                            AT ae
 1/0018         Real nodeArea                                                                    AT ae
 1/0019         Integer CodeW,CodeS,CodeT,CodeG,errPlant                                         AT ae
 1/0020         Integer MaxItO, OutPutSoilNo, OutPutSoilYes                                      AT ae
 1/0021         Logical*1 lOrt                                                                   AT ae
 1/0022         Integer DailyOutput, HourlyOutput,RunFlag,                                       AT ae
 1/0023        &  DailyWeather,HourlyWeather,ITIME, IDAWN, IDUSK,                                AT ae
 1/0024        &  beginDay, sowingDay, endDay,year                                               AT ae
 1/0025                                                                                          AT ae
 1/0026         character WeatherFile*132, TimeFile*132, BiologyFile*132,                        AT ae
 1/0027        &          ClimateFile*132, NitrogenFile*132, SoluteFile*132,                     AT ae
 1/0028        &          SoilFile*132,                                                          AT ae
 1/0029        &          ManagementFile*132,DripFile*132,                                       AT ae
 1/0030        &          WaterFile*132, WaterBoundaryFile*132,                                  AT ae
 1/0031        &          PlantGraphics*132,InitialsFile*132,  VarietyFile*132,                  AT ae
 1/0032        &          NodeGraphics*132,ElemGraphics*132,                                     AT ae
 1/0033        &          NodeGeomFile*132,                                                      AT ae
 1/0034        &          GeometryFile*132,SurfaceGraphics*132,                                  AT ae
 1/0035        &          FluxGraphics*132,MassBalanceFile*132,                                  AT ae
 1/0036        &          MassBalanceFileOut*132,LeafGraphics*132,                               AT ae
 1/0037        &          RunFile*132                                                            AT ae
 1/0038         Common /grid_public/  NumNP, NumEl, IJ, KAT, MBand,Nmat,                         AT ae
 1/0039        &        KX(NumElD,4),x(NumNPD), y(NumNPD), Area(NumElD),                         AT ae
 1/0040        &        nodeArea(NumNPD)                                                         AT ae
 1/0041         Common /nodal_public/ NumSol,NumG,ListN(NumNPD),ListNE(NumNPD),                  AT ae
 1/0042        &       MatNumN(NumNPD),hNew(NumNPD),ThNew(NumNPD), Vx(NumNPD),                   AT ae
 1/0043        &       Vz(NumNPD),Q(NumNPD), Conc(NumNPD,NumSD),                                 AT ae
 1/0044        &       g(NumNPD,NumGD), Tmpr(NumNPD), Con(NumNPD),TcsXX(NumNPD),                 AT ae
 1/0045        &       RO(NumNPD), hNew_org(NumNPD),QAct(NumNPD),ThetaAvail,                     AT ae
 1/0046        &       ThetaFull, ThAvail(NumNPD),ThFull(NMAtD),  lOrt                           AT ae
 1/0047         Common /elem_public/  MatNumE(NumElD),Sink(NumNPD),                              AT ae
 1/0048        &       cSink(NumNPD,NumSD),gSink(NumNPD,NumGD),tSink(NumNPD),                    AT ae
 1/0049        &       RTWT(NumNPD),RUTDEN(NumNPD),RMassM(NumNPD),RDenM(NumNPD),                 AT ae
 1/0050        &       RMassY(NumNPD), RDenY(NumNPD)                                             AT ae
 1/0051         Common /bound_public/ NumBP, NSurf, NVarBW,NVarBS,NVarBT,NVarBG,                 AT ae
 1/0052        &       NumSurfDat, NSeep, NSP(NSeepD), NP(NSeepD,NumSPD),                        AT ae
 1/0053        &       NDrain,NDR(NDrainD),ND(NDrainD,NumDR),                                    AT ae
 1/0054        &       KXB(NumBPD),                                                              AT ae
 1/0055        &       CodeW(NumNPD),CodeS(NumNPD),CodeT(NumNPD),CodeG(NumNPD),                  AT ae
 1/0056        &       PCodeW(NumNPD),Width(NumBPD),                                             AT ae
 1/0057        &       VarBW(NumBPD,3),VarBW_Old(NumBPD,3),                                      AT ae
 1/0058        &       VarBS(NumBPD,NumSD),VarBT(NumBPD,4),                                      AT ae
 1/0059        &       VarBG(NumBPD,NumGD,3),EO,Tpot                                             AT ae
 1/0060         Common /time_public/tNext(NumModD),dtMx(4),Time,Step,dtOpt,                      AT ae
 1/0061        &        dtMin, dMul1, dMul2,  tTDB(4), Tfin,tAtm, Tinit,                         AT ae
 1/0062        &        lInput,Iter,DailyOutput,HourlyOutput,RunFlag,                            AT ae
 1/0063        &          DailyWeather,HourlyWeather,                                            AT ae
 1/0064        &          beginDay, sowingDay, endDay,                                           AT ae
 1/0065        &          OutputSoilNo, OutPutSoilYes, Year,                                     AT ae
 1/0066        &           iTime, iDawn, iDusk, dumpad, TimeStep                                 AT ae
 1/0067         Common /module_public/  NumMod,Movers(4), NShoot                                 AT ae
 1/0068         Common /error_public/errPlant                                                    AT ae
 1/0069         Common /Solver_public/IAD(MBandD,NumNPD), IADN(NumNPD),                          AT ae
 1/0070        &        IADD(NumNPD),A1(MBandD,NumNPD),B1(NumNPD),                               AT ae
 1/0071        &        VRV(NumNPD),RES(NumNPD),RQI(NumNPD,MNorth),                              AT ae
 1/0072        &        QQ(NumNPD), RQ(NumNPD),QI(NumNPD,MNorth), RQIDOT(MNorth)                 AT ae
 1/0073                                                                                          AT ae
 1/0074         Common /Initvar/ ECNVRG, RCNVRG, ACNVRG, MaxItO,EPSI_Heat,                       AT ae
 1/0075        &                 EPSI_Solute, hCritS, hCritA                                     AT ae
 1/0076                                                                                          AT ae
 1/0077         Common /DataFilenames/ Starter, WeatherFile, TimeFile,                           AT ae
 1/0078        &          BiologyFile,ClimateFile, NitrogenFile, SoluteFile,                     AT ae
 1/0079        &          SoilFile,                                                              AT ae
 1/0080        &          ManagementFile,DripFile,                                               AT ae
 1/0081        &          WaterFile, WaterBoundaryFile,                                          AT ae
 1/0082        &          PlantGraphics,InitialsFile,VarietyFile,                                AT ae
 1/0083        &          NodeGraphics,ElemGraphics,NodeGeomFile,                                AT ae
 1/0084        &          GeometryFile,SurfaceGraphics,                                          AT ae
 1/0085        &          FluxGraphics, MassBalanceFile,MassBalanceFileOut,                      AT ae
 1/0086        &          LeafGraphics,RunFile                                                   AT ae
 1/0087                                                                                          AT ae
 1/0088   c the following blocks are not passed to the crop model                                AT ae
 1/0089         Common /Nodal_pub_Aux/ ROForInfil(NumBPD)                                        AT ae
 1/0090                                                                                          AT ae
 1/0091         Common /Materials/BlkDn(NMatD),FracSind(NMatD), FracClay(NMatD),                 AT ae
 1/0092        &           FracOM(NMatD),TUpperLimit(NMatD), TLowerLimit(NMatD)                  AT ae
   0004         Include 'puplant.ins'                                                            AT ae
 1/0001                                                                                          AT ae
 1/0002         REAL*8 PCRL, PCRQ,PCRS,ET_demand,LCAI,COVER,CONVR                                AT ae
 1/0003         Real*8 HourlyCarboUsed                                                           AT ae
 1/0004         REAL*4 SHADE,HEIGHT,LAI,AWUPS,NitroDemand,NDemandError                           AT ae
 1/0005         REAL LAREAT, MaxRootDepth, InitialRootCarbo                                      AT ae
 1/0006         integer isGerminated, isEmerged                                                  AT ae
 1/0007                                                                                          AT ae
 1/0008   C includes variables shared with crop model                                            AT ae
 1/0009         Common /ShootR/   PCRL,PCRQ,PCRS,HourlyCarboUsed, ET_demand,                     AT ae
 1/0010        &                  LCAI,COVER,CONVR,                                              AT ae
 1/0011        &                  MaxRootDepth,SHADE,HEIGHT,LAI,AWUPS,                           AT ae
 1/0012        &                  NitroDemand,xBSTEM,yBSTEM,SGT,PSIM,                            AT ae
 1/0013        &                  LAREAT,POPROW,ROWSP,ROWANG,PopArea,                            AT ae
 1/0014        &                  CEC,EORSCS,AWUPSS,SOLRAD,                                      AT ae
 1/0015        &                  Total_Eor,Total_Pcrs,sincrsink,PSILD,                          AT ae
 1/0016        &                  OSMFAC,EOMULT,PSIL_,NDemandError,                              AT ae
 1/0017        &                  CumulativeNDemandError,TotalRootWeight,                        AT ae
 1/0018        &                  InitialRootCarbo,                                              AT ae
 1/0019        &                  ConstI(2),constK(2), Cmin0(2),                                 AT ae
 1/0020        &                  isGerminated, isEmerged                                        AT ae
 1/0021                                                                                          AT ae
 1/0022                                                                                          AT ae
 1/0023   C includes variables only used inside 2dsoil                                           AT ae
 1/0024         Common /shtR_public/ RVR(NumNPD), AWUP(NumELD),PSISM,PSILT,EOR,                  AT ae
 1/0025        &                     YRL(NumNPD), RGCF(NumNPD),iFavRoot(NumNPD),                 AT ae
 1/0026        &                     PSIS(NumNPD), TS(NumNPD),COND(NumNPD),                      AT ae
 1/0027        &                     PDWR(NumNPD),                                               AT ae
 1/0028        &                     DRL(NumNPD),WUPM(NumNPD),                                   AT ae
 1/0029        &                     WUPN(NumNPD),WUPT(NumNPD),TPL,PPDRL(NumNPD),                AT ae
 1/0030        &                     ADWR(NumNPD), AWR(NumNPD), ADRL(NumNPD),RTWL,               AT ae
 1/0031        &                     RtMinWtPerUnitArea,Wl,Wa,Wr,Wb,ALPY,                        AT ae
 1/0032        &                     WidthE(NumEld),HeightE(NumEld),                             AT ae
 1/0033        &                  PILD,VMAX,vegsrc, potential_T,                                 AT ae
 1/0034        &                   potential_T_EO,                                               AT ae
 1/0035        &                  AWUPS_old, WUPMS, EORSCF,WUPDS, WUP2S,                         AT ae
 1/0036        &                 WUP0S, DPSI02,SCF, PSIST,PROPAR,                                AT ae
 1/0037        &                 VUP(NumNPD,2),FUP(NumNPD,2)                                     AT ae
 1/0038   c      end                                                                             AT ae
   0005         Integer n,n1,SW10,SW20,SW30,SW40                                                 AT ae
   0006                                                                                          AT ae
   0007                                                                                          AT ae
D:\2DSOIL_Grape\Soil Source\wateruptake.FOR(5) : warning 197 - Variable SW10 has been declared but not used 
D:\2DSOIL_Grape\Soil Source\wateruptake.FOR(5) : warning 197 - Variable SW40 has been declared but not used 
   0008         t=sngl(Time)                                                                     AT ae
D:\2DSOIL_Grape\Soil Source\wateruptake.FOR(8) : warning 242 - Variable T has been given a value but never used 
   0009         If (lInput.eq.0) goto 11                                                         AT ae
   0010         EORSCS=0.0                                                                       AT 120
   0011         AWUPSS=0.0                                                                       AT 120
   0012         Total_Eor=0.0                                                                    AT 120
   0013         potential_T=0.0                                                                  AT 120
   0014         potential_T_EO=0.0                                                               AT 120
   0015   cS  DT adding a temporary output file for debugging the nitrogen uptake code 7/5/07    AT 120
   0016   c     open(100, file='temp.txt')                                                       AT 120
   0017                                                                                          AT 120
   0018   c      write(100,'(1A)')' time        e   sink(e)     RootDenOld                       AT 120
   0019   c     ! RootDenNew RootFluxOld RootFluxNew ErrorFlux'                                  AT 120
   0020                                                                                          AT 120
   0021   cE                                                                                     AT 120
   0022    11    continue                                                                        AT 120
   0023   C                                                                                      AT 158
   0024   c  Routine calculations                                                                AT 158
   0025   C                                                                                      AT 158
   0026   c                                                                                      AT 158
   0027   C                                                                                      AT 158
   0028   CYAP  No Plant = No Root Activity                                                      AT 158
   0029         If((NShoot.eq.0).OR.(LAI<0.0001)) Return                                         AT 158
   0030   CYAPEND                                                                                AT 1b3
   0031                                                                                          AT 1b3
   0032                                                                                          AT 1b3
   0033   C     ------------------------------------------------------------------               AT 1b3
   0034   C  CALCULATE WATER UPTAKE FROM EACH SOIL CELL FOR PAST PERIOD,                         AT 1b3
   0035   C  AND PREDICT WATER UPTAKE  FOR THE NEXT PERIOD OF THE DAY                            AT 1b3
   0036   C                                                                                      AT 1b3
   0037   C  CALCULATE CURRENT WATER UPTAKE RATE FOR EACH CELL. ***                              AT 1b3
   0038   C                                                                                      AT 1b3
   0039         PSIM=amax1(abs(PSISM),abs(PSIST))                                                AT 1b3
   0040   C                                                                                      AT 1b3
   0041         AWUPS = 0.0                                                                      AT 1b3
   0042         PCRTS = 0.0                                                                      AT 1b3
   0043         UPH2O = 0.0                                                                      AT 1c3
D:\2DSOIL_Grape\Soil Source\wateruptake.FOR(43) : warning 242 - Variable UPH2O has been given a value but never used 
   0044         SW20 = 0                                                                         AT 1d3
   0045         SW30 = 0                                                                         AT 1db
   0046   c      EORSCF = EOR*SCF                                                                AT 20b
   0047         EORSCF = EOR                                                                     AT 20b
   0048   C NOTE 10.34                                                                           AT 20b
   0049         DO 110, n=1,NumNP                                                                AT 20b
   0050           n1=iFavRoot(n)                                                                 AT 22f
   0051           IF ((PSIS(n1).GT.PSILT).OR.(PSIS(n1).LT.PSILT)) THEN                           AT 24f
   0052             D20 = (PSIS(n1) - PSIL_)/(PSIS(n1) - PSILT)                                  AT 2b5
   0053           ELSE                                                                           AT 304
   0054             D20 = 0.0                                                                    AT 304
   0055           END IF                                                                         AT 317
   0056           IF (D20.LT.0.0) D20 = 0.0                                                      AT 317
   0057           IF (SW20.EQ.1.OR.PDWR(n1).LE.0.0) THEN                                         AT 338
   0058             AWUP(n1) = (WUPM(n1) + WUPN(n1))*D20                                         AT 388
   0059   cS 07/05/2007 DT, MK                                                                   AT 3fa
   0060             FUP(n1,2) = WUPN(n1)                                                         AT 3fa
   0061   cE 07/05/2007 DT                                                                       AT 43e
   0062                                                                                          AT 43e
   0063           ELSE                                                                           AT 43e
   0064                                                                                          AT 43e
   0065               PCRTS = PCRTS + (PDWR(n1)*CONVR)                                           AT 43e
   0066             IF (PCRS.GT.PCRTS) THEN                                                      AT 496
   0067               AWUP(n1) = (WUPM(n1) + WUPN(n1) + WUPT(n1))*D20                            AT 4ba
   0068   cS 07/05/2007 DT MK                                                                    AT 54d
   0069               FUP(n1,2)=WUPN(n1)+WUPT(n1)                                                AT 54d
   0070   cE 07/05/2007 DT                                                                       AT 5b2
   0071             ELSE                                                                         AT 5b2
   0072               SW20 = 1                                                                   AT 5b2
   0073               D21 = ((PDWR(n1)*CONVR)-PCRTS+PCRS)/CONVR   ! length per time              AT 5ba
   0074                                                                                          AT 631
   0075             AWUP(n1) = (WUPM(n1) + WUPN(n1)                                              AT 631
   0076        &       + (WUPT(n1)*D21/PDWR(n1)))*D20                                            AT 631
   0077                                                                                          AT 6ea
   0078   cS 07/05/2007 DT MK                                                                    AT 6ea
   0079                                                                                          AT 6ea
   0080               FUP(n1,2)= WUPN(n1) + WUPT(n1)*D21/PDWR(n1)                                AT 6ea
   0081   cE 07/05/2007 DT                                                                       AT 77f
   0082                                                                                          AT 77f
   0083             END IF                                                                       AT 77f
   0084           END IF                                                                         AT 77f
   0085   C                                                                                      AT 77f
   0086   cS 07/05/2007 DT  MK                                                                   AT 77f
   0087           FUP(n1,1)=WUPM(n1)*D20                                                         AT 77f
   0088         FUP(n1,2)=FUP(n1,2)*D20                                                          AT 7d0
   0089   cE 07/05/2007 DT                                                                       AT 7fa
   0090           IF (SW30.NE.0) THEN                                                            AT 7fa
   0091             AWUP(n1) = 0.                                                                AT 817
   0092   cS 07/05/2007 DT  MK                                                                   AT 83e
   0093           FUP(n1,1) = 0.0                                                                AT 83e
   0094           FUP(n1,2) = 0.0                                                                AT 865
   0095   cE 07/05/2007 DT                                                                       AT 889
   0096           ELSE                                                                           AT 889
   0097             AWUPS = AWUPS + AWUP(n1)                                                     AT 898
   0098             IF (AWUPS.GT.EORSCF) THEN                                                    AT 8e2
   0099               SW30 = 1                                                                   AT 8e2
   0100               AWUP(n1)=AWUP(n1)-AWUPS+EORSCF                                             AT 8f9
   0101   cS 07/05/2007 DT   MK                                                                  AT 93c
   0102               FUP(n1,1)=FUP(n1,1)-AWUPS+EORSCF                                           AT 93c
   0103   cE 07/05/2007 DT                                                                       AT 98c
   0104               AWUPS = EORSCF                                                             AT 98c
   0105   cS 07/05/2007 DT   MK                                                                  AT 98c
   0106               IF(FUP(n1,1).lt.0) THEN                                                    AT 98c
   0107               FUP(n1,2) = FUP(n1,2)+FUP(n1,1)                                            AT 9bf
   0108               FUP(n1,1) = 0.0                                                            AT a10
   0109               END IF                                                                     AT a2f
   0110   cE 07/05/2007 DT                                                                       AT a2f
   0111             END IF                                                                       AT a2f
   0112           END IF                                                                         AT a2f
   0113    110  CONTINUE                                                                         AT a2f
   0114                                                                                          AT a41
   0115         write(*, *) 'Awup(10=', AWUP(1), 'nodeArea(1)=', nodeArea(1)                     AT a41
   0116                                                                                          AT b05
   0117         Do n=1,NumNP                                                                     AT b05
   0118           Sink(n)=AWUP(n)/nodeArea(n)                                                    AT b2f
   0119         Enddo                                                                            AT b9d
   0120                                                                                          AT cf5
   0121         AWUPSS = AWUPSS + AWUPS*step                                                     AT cf5
   0122         EORSCS = EORSCS + EORSCF*step                                                    AT cf5
   0123         potential_T=potential_T + EOR*step                                               AT cf5
   0124         potential_T_EO=potential_T_EO+EO*step ! this is calculated from penman and adjusted for plant cover AT cf5
   0125         Total_Eor=Total_Eor+EOR                                                          AT cf5
   0126   c      Total_Pcrs=Total_Pcrs+PCRS/(poprow/100.)*step*2.0                               AT cf5
   0127   C                                                                                      AT cf5
   0128   cS MK, DT  07/05/2007 CALCULATE FLUX OF WATER UPTAKE BY EXISTING AND NEW ROOTS         AT cf5
   0129           Do 191 n=1,NumNP                                                               AT cf5
   0130            VUP(n,1) = 0.0                                                                AT d1f
   0131          VUP(n,2) = 0.0                                                                  AT d46
   0132          FUP(n,1)=AMAX1(FUP(n,1),0.0)/nodeArea(n)                                        AT d6d
   0133          FUP(n,2)=AMAX1(FUP(n,2),0.0)/nodeArea(n)                                        AT dd3
   0134          IF (RDenM(n).GT.0) VUP(n,1) = FUP(n,1)/RDenM(n) ! water uptake per unit length of root for mature roots AT e39
   0135          IF (RDenY(n).GT.0) VUP(n,2) = FUP(n,2)/RDenY(n)                                 AT ee2
   0136          FUP(n,1)=amax1(RDenM(n),0.0)                                                    AT f8b
   0137          FUP(n,2)=amax1(RDenY(n),0.0)                                                    AT fe7
   0138            IF (sink(n). GT.0.0) THEN                                                     AT 103c
   0139           balance=sink(n)-(VUP(n,1)*FUP(n,1)+VUP(n,2)*FUP(n,2))                          AT 106f
D:\2DSOIL_Grape\Soil Source\wateruptake.FOR(139) : warning 242 - Variable BALANCE has been given a value but never used 
   0140             balance=sink(n)-(FUP(n,1)+FUP(n,2))                                          AT 1138
   0141   c       write(100,81) time, e, sink(e),                                                AT 11ab
   0142   c     ! FUP(e,1),FUP(e,2),VUP(e,1),VUP(e,2),balance                                    AT 11ab
   0143           CONTINUE                                                                       AT 11ab
   0144         ENDIF                                                                            AT 11ab
   0145         write(*, *) "Line 146"                                                           AT 11ab
   0146   cE MK 7/05/2007                                                                        AT 11e5
   0147   191   Continue                                                                         AT 11e5
   0148   81    FORMAT(F14.5,2X,I6,10(2X,E10.3))                                                 AT 11fa
   0149                                                                                          AT 11fa
D:\2DSOIL_Grape\Soil Source\wateruptake.FOR(148) : warning 21 - Label 81 is declared, but not used 
   0150         Return                                                                           AT 11fa
   0151         End                                                                              AT 1279




End of Compilation - Clocked 0.01 seconds
